c:\users\student\desktop\01_automatic\debug\vc140.pdb
c:\users\student\desktop\01_automatic\debug\vc140.idb
c:\users\student\desktop\01_automatic\debug\input_keyboard.obj
c:\users\student\desktop\01_automatic\debug\item.obj
c:\users\student\desktop\01_automatic\debug\life.obj
c:\users\student\desktop\01_automatic\debug\main.obj
c:\users\student\desktop\01_automatic\debug\manager.obj
c:\users\student\desktop\01_automatic\debug\number.obj
c:\users\student\desktop\01_automatic\debug\particle.obj
c:\users\student\desktop\01_automatic\debug\pause.obj
c:\users\student\desktop\01_automatic\debug\player.obj
c:\users\student\desktop\01_automatic\debug\playerai.obj
c:\users\student\desktop\01_automatic\debug\polygon.obj
c:\users\student\desktop\01_automatic\debug\renderer.obj
c:\users\student\desktop\01_automatic\debug\result.obj
c:\users\student\desktop\01_automatic\debug\scene.obj
c:\users\student\desktop\01_automatic\debug\scene2d.obj
c:\users\student\desktop\01_automatic\debug\score.obj
c:\users\student\desktop\01_automatic\debug\scroll.obj
c:\users\student\desktop\01_automatic\debug\sound.obj
c:\users\student\desktop\01_automatic\debug\title.obj
c:\users\student\desktop\01_automatic\debug\tutorial.obj
c:\users\student\desktop\01_automatic\debug\bg.obj
c:\users\student\desktop\01_automatic\debug\block.obj
c:\users\student\desktop\01_automatic\debug\bullet.obj
c:\users\student\desktop\01_automatic\debug\bullet_ui.obj
c:\users\student\desktop\01_automatic\debug\effect.obj
c:\users\student\desktop\01_automatic\debug\enemy.obj
c:\users\student\desktop\01_automatic\debug\explosion.obj
c:\users\student\desktop\01_automatic\debug\fade.obj
c:\users\student\desktop\01_automatic\debug\game.obj
c:\users\student\desktop\01_automatic\debug\input.obj
c:\users\student\desktop\01_automatic\debug\spawnenemy.obj
c:\users\student\desktop\2年のプログラム\c++シューティング作り直し\10.16\01_automatic\debug\vc140.pdb
c:\users\student\desktop\2年のプログラム\c++シューティング作り直し\10.16\01_automatic\debug\vc140.idb
c:\users\student\desktop\2年のプログラム\c++シューティング作り直し\10.16\01_automatic\debug\item.obj
c:\users\student\desktop\2年のプログラム\c++シューティング作り直し\10.16\01_automatic\debug\life.obj
c:\users\student\desktop\2年のプログラム\c++シューティング作り直し\10.16\01_automatic\debug\main.obj
c:\users\student\desktop\2年のプログラム\c++シューティング作り直し\10.16\01_automatic\debug\manager.obj
c:\users\student\desktop\2年のプログラム\c++シューティング作り直し\10.16\01_automatic\debug\number.obj
c:\users\student\desktop\2年のプログラム\c++シューティング作り直し\10.16\01_automatic\debug\particle.obj
c:\users\student\desktop\2年のプログラム\c++シューティング作り直し\10.16\01_automatic\debug\pause.obj
c:\users\student\desktop\2年のプログラム\c++シューティング作り直し\10.16\01_automatic\debug\player.obj
c:\users\student\desktop\2年のプログラム\c++シューティング作り直し\10.16\01_automatic\debug\playerai.obj
c:\users\student\desktop\2年のプログラム\c++シューティング作り直し\10.16\01_automatic\debug\polygon.obj
c:\users\student\desktop\2年のプログラム\c++シューティング作り直し\10.16\01_automatic\debug\renderer.obj
c:\users\student\desktop\2年のプログラム\c++シューティング作り直し\10.16\01_automatic\debug\result.obj
c:\users\student\desktop\2年のプログラム\c++シューティング作り直し\10.16\01_automatic\debug\scene.obj
c:\users\student\desktop\2年のプログラム\c++シューティング作り直し\10.16\01_automatic\debug\scene2d.obj
c:\users\student\desktop\2年のプログラム\c++シューティング作り直し\10.16\01_automatic\debug\score.obj
c:\users\student\desktop\2年のプログラム\c++シューティング作り直し\10.16\01_automatic\debug\scroll.obj
c:\users\student\desktop\2年のプログラム\c++シューティング作り直し\10.16\01_automatic\debug\sound.obj
c:\users\student\desktop\2年のプログラム\c++シューティング作り直し\10.16\01_automatic\debug\spawnenemy.obj
c:\users\student\desktop\2年のプログラム\c++シューティング作り直し\10.16\01_automatic\debug\title.obj
c:\users\student\desktop\2年のプログラム\c++シューティング作り直し\10.16\01_automatic\debug\tutorial.obj
c:\users\student\desktop\2年のプログラム\c++シューティング作り直し\10.16\01_automatic\debug\bg.obj
c:\users\student\desktop\2年のプログラム\c++シューティング作り直し\10.16\01_automatic\debug\block.obj
c:\users\student\desktop\2年のプログラム\c++シューティング作り直し\10.16\01_automatic\debug\bullet.obj
c:\users\student\desktop\2年のプログラム\c++シューティング作り直し\10.16\01_automatic\debug\bullet_ui.obj
c:\users\student\desktop\2年のプログラム\c++シューティング作り直し\10.16\01_automatic\debug\effect.obj
c:\users\student\desktop\2年のプログラム\c++シューティング作り直し\10.16\01_automatic\debug\enemy.obj
c:\users\student\desktop\2年のプログラム\c++シューティング作り直し\10.16\01_automatic\debug\explosion.obj
c:\users\student\desktop\2年のプログラム\c++シューティング作り直し\10.16\01_automatic\debug\fade.obj
c:\users\student\desktop\2年のプログラム\c++シューティング作り直し\10.16\01_automatic\debug\game.obj
c:\users\student\desktop\2年のプログラム\c++シューティング作り直し\10.16\01_automatic\debug\input.obj
c:\users\student\desktop\2年のプログラム\c++シューティング作り直し\10.16\01_automatic\debug\input_keyboard.obj
c:\users\student\desktop\01_automatic\debug\01_automatic.ilk
c:\users\student\desktop\01_automatic\debug\01_automatic.exe
c:\users\student\desktop\01_automatic\debug\01_automatic.pdb
c:\users\student\desktop\2年のプログラム\c++シューティング作り直し\10.16\01_automatic\debug\01_automatic.ilk
c:\users\student\desktop\2年のプログラム\c++シューティング作り直し\10.16\01_automatic\debug\01_automatic.exe
c:\users\student\desktop\2年のプログラム\c++シューティング作り直し\10.16\01_automatic\debug\01_automatic.pdb
c:\users\student\desktop\2年のプログラム\c++シューティング作り直し\10.16\01_automatic\debug\01_automatic.tlog\cl.command.1.tlog
c:\users\student\desktop\2年のプログラム\c++シューティング作り直し\10.16\01_automatic\debug\01_automatic.tlog\cl.read.1.tlog
c:\users\student\desktop\2年のプログラム\c++シューティング作り直し\10.16\01_automatic\debug\01_automatic.tlog\cl.write.1.tlog
c:\users\student\desktop\2年のプログラム\c++シューティング作り直し\10.16\01_automatic\debug\01_automatic.tlog\link.command.1.tlog
c:\users\student\desktop\2年のプログラム\c++シューティング作り直し\10.16\01_automatic\debug\01_automatic.tlog\link.read.1.tlog
c:\users\student\desktop\2年のプログラム\c++シューティング作り直し\10.16\01_automatic\debug\01_automatic.tlog\link.write.1.tlog
