c:\users\student\desktop\10.27\debug\vc140.pdb
c:\users\student\desktop\10.27\debug\vc140.idb
c:\users\student\desktop\10.27\debug\item.obj
c:\users\student\desktop\10.27\debug\life.obj
c:\users\student\desktop\10.27\debug\main.obj
c:\users\student\desktop\10.27\debug\manager.obj
c:\users\student\desktop\10.27\debug\number.obj
c:\users\student\desktop\10.27\debug\particle.obj
c:\users\student\desktop\10.27\debug\pause.obj
c:\users\student\desktop\10.27\debug\player.obj
c:\users\student\desktop\10.27\debug\playerai.obj
c:\users\student\desktop\10.27\debug\polygon.obj
c:\users\student\desktop\10.27\debug\renderer.obj
c:\users\student\desktop\10.27\debug\result.obj
c:\users\student\desktop\10.27\debug\scene.obj
c:\users\student\desktop\10.27\debug\scene2d.obj
c:\users\student\desktop\10.27\debug\score.obj
c:\users\student\desktop\10.27\debug\scroll.obj
c:\users\student\desktop\10.27\debug\sound.obj
c:\users\student\desktop\10.27\debug\spawnenemy.obj
c:\users\student\desktop\10.27\debug\title.obj
c:\users\student\desktop\10.27\debug\tutorial.obj
c:\users\student\desktop\10.27\debug\bg.obj
c:\users\student\desktop\10.27\debug\block.obj
c:\users\student\desktop\10.27\debug\bullet.obj
c:\users\student\desktop\10.27\debug\bullet_ui.obj
c:\users\student\desktop\10.27\debug\effect.obj
c:\users\student\desktop\10.27\debug\enemy.obj
c:\users\student\desktop\10.27\debug\explosion.obj
c:\users\student\desktop\10.27\debug\fade.obj
c:\users\student\desktop\10.27\debug\game.obj
c:\users\student\desktop\10.27\debug\input.obj
c:\users\student\desktop\10.27\debug\input_keyboard.obj
c:\users\student\desktop\10.27\debug\10.27.ilk
c:\users\student\desktop\10.27\debug\10.27.exe
c:\users\student\desktop\10.27\debug\10.27.pdb
c:\users\student\desktop\10.27\debug\10.27.tlog\cl.command.1.tlog
c:\users\student\desktop\10.27\debug\10.27.tlog\cl.read.1.tlog
c:\users\student\desktop\10.27\debug\10.27.tlog\cl.write.1.tlog
c:\users\student\desktop\10.27\debug\10.27.tlog\link.command.1.tlog
c:\users\student\desktop\10.27\debug\10.27.tlog\link.read.1.tlog
c:\users\student\desktop\10.27\debug\10.27.tlog\link.write.1.tlog
